Using pre-set license
Built from '2020.2/staging' branch; Version is '2020.2.7f1 (c53830e277f1) revision 12924976'; Using compiler version '192528614'; Build Type 'Release'
OS: 'Windows 10 Enterprise; OS build 18363.1379; Version 1909; 64bit' Language: 'en' Physical Memory: 16332 MB
BatchMode: 1, IsHumanControllingUs: 0, StartBugReporterOnCrash: 0, Is64bit: 1, IsPro: 0

 COMMAND LINE ARGUMENTS:
C:\Program Files\Unity\Hub\Editor\2020.2.7f1\Editor\Unity.exe
-adb2
-batchMode
-noUpm
-name
AssetImportWorker0
-projectPath
D:/Adam jones/FMP/FMPProject-Mind
-logFile
Logs/AssetImportWorker0.log
-srvPort
49923
Successfully changed project path to: D:/Adam jones/FMP/FMPProject-Mind
D:/Adam jones/FMP/FMPProject-Mind
Using Asset Import Pipeline V2.
Refreshing native plugins compatible for Editor in 25.18 ms, found 0 plugins.
Preloading 0 native plugins for Editor in 0.00 ms.
Initialize engine version: 2020.2.7f1 (c53830e277f1)
[Subsystems] Discovering subsystems at path C:/Program Files/Unity/Hub/Editor/2020.2.7f1/Editor/Data/Resources/UnitySubsystems
[Subsystems] Discovering subsystems at path D:/Adam jones/FMP/FMPProject-Mind/Assets
GfxDevice: creating device client; threaded=0
Direct3D:
    Version:  Direct3D 11.0 [level 11.1]
    Renderer: NVIDIA GeForce GTX 1660 (ID=0x2184)
    Vendor:   
    VRAM:     5991 MB
    Driver:   27.21.14.5206
Initialize mono
Mono path[0] = 'C:/Program Files/Unity/Hub/Editor/2020.2.7f1/Editor/Data/Managed'
Mono path[1] = 'C:/Program Files/Unity/Hub/Editor/2020.2.7f1/Editor/Data/MonoBleedingEdge/lib/mono/unityjit'
Mono config path = 'C:/Program Files/Unity/Hub/Editor/2020.2.7f1/Editor/Data/MonoBleedingEdge/etc'
Using monoOptions --debugger-agent=transport=dt_socket,embedding=1,server=y,suspend=n,address=127.0.0.1:56300
Begin MonoManager ReloadAssembly
Registering precompiled unity dll's ...
Register platform support module: C:/Program Files/Unity/Hub/Editor/2020.2.7f1/Editor/Data/PlaybackEngines/WindowsStandaloneSupport/UnityEditor.WindowsStandalone.Extensions.dll
Registered in 0.001156 seconds.
Native extension for WindowsStandalone target not found
Refreshing native plugins compatible for Editor in 21.64 ms, found 0 plugins.
Preloading 0 native plugins for Editor in 0.00 ms.
Invoked RoslynAnalysisRunner static constructor.
RoslynAnalysisRunner will not be running.
RoslynAnalysisRunner has terminated.
Mono: successfully reloaded assembly
- Completed reload, in  0.975 seconds
Platform modules already initialized, skipping
Registering precompiled user dll's ...
Registered in 0.000671 seconds.
Begin MonoManager ReloadAssembly
Native extension for WindowsStandalone target not found
Refreshing native plugins compatible for Editor in 0.19 ms, found 0 plugins.
Preloading 0 native plugins for Editor in 0.00 ms.
Invoked RoslynAnalysisRunner static constructor.
RoslynAnalysisRunner will not be running.
RoslynAnalysisRunner has terminated.
Mono: successfully reloaded assembly
- Completed reload, in  0.744 seconds
Platform modules already initialized, skipping
========================================================================
Worker process is ready to serve import requests
Launched and connected shader compiler UnityShaderCompiler.exe after 0.04 seconds
Refreshing native plugins compatible for Editor in 0.39 ms, found 0 plugins.
Preloading 0 native plugins for Editor in 0.00 ms.
Unloading 1128 Unused Serialized files (Serialized files now loaded: 0)
System memory in use before: 58.4 MB.
System memory in use after: 58.5 MB.

Unloading 9 unused Assets to reduce memory usage. Loaded Objects now: 1572.
Total: 1.748100 ms (FindLiveObjects: 0.129900 ms CreateObjectMapping: 0.048900 ms MarkObjects: 1.498300 ms  DeleteObjects: 0.069900 ms)

========================================================================
Received Import Request.
  path: Assets/Levels/leveltest.fbx
  artifactKey: Guid(4f77942f89df6ee47b2be8f8e875adba) Importer(815301076,1909f56bfc062723c751e8b465ee728b)
Start importing Assets/Levels/leveltest.fbx using Guid(4f77942f89df6ee47b2be8f8e875adba) Importer(815301076,1909f56bfc062723c751e8b465ee728b)  -> (artifact id: 'adba7708fdb256532620f767d8885948') in 0.140267 seconds
  Import took 0.142064 seconds .

========================================================================
Received Import Request.
  Time since last request: 58.812323 seconds.
  path: Assets/Code
  artifactKey: Guid(0112277ea4860d44f8479af82eeafb2a) Importer(815301076,1909f56bfc062723c751e8b465ee728b)
Start importing Assets/Code using Guid(0112277ea4860d44f8479af82eeafb2a) Importer(815301076,1909f56bfc062723c751e8b465ee728b)  -> (artifact id: 'ee90d8dae96f23d16b3ec38b0c66d1c5') in 0.005472 seconds
  Import took 0.007575 seconds .

========================================================================
Received Import Request.
  Time since last request: 1.519155 seconds.
  path: Assets/Code/PickUp.cs
  artifactKey: Guid(65373d746f87c234aab48a03d4ab9306) Importer(815301076,1909f56bfc062723c751e8b465ee728b)
Start importing Assets/Code/PickUp.cs using Guid(65373d746f87c234aab48a03d4ab9306) Importer(815301076,1909f56bfc062723c751e8b465ee728b)  -> (artifact id: '61ac85e148dfbdfd884baeb2dc36e2ac') in 0.013249 seconds
  Import took 0.015482 seconds .

========================================================================
Received Import Request.
  Time since last request: 0.015439 seconds.
  path: Assets/Code/PickUp.cs
  artifactKey: Guid(65373d746f87c234aab48a03d4ab9306) Importer(815301076,1909f56bfc062723c751e8b465ee728b)
Start importing Assets/Code/PickUp.cs using Guid(65373d746f87c234aab48a03d4ab9306) Importer(815301076,1909f56bfc062723c751e8b465ee728b)  -> (artifact id: '61ac85e148dfbdfd884baeb2dc36e2ac') in 0.005998 seconds
  Import took 0.008616 seconds .

========================================================================
Received Import Request.
  Time since last request: 131.042359 seconds.
  path: Assets/Code/NPCSimplePatrol.cs
  artifactKey: Guid(c071171406f7891428271c4219f7ac97) Importer(815301076,1909f56bfc062723c751e8b465ee728b)
Start importing Assets/Code/NPCSimplePatrol.cs using Guid(c071171406f7891428271c4219f7ac97) Importer(815301076,1909f56bfc062723c751e8b465ee728b)  -> (artifact id: '7fbe13c511f4d76e286e6243b168844d') in 0.004682 seconds
  Import took 0.007168 seconds .

========================================================================
Received Import Request.
  Time since last request: 2814.334930 seconds.
  path: Assets/Code/Gate.cs
  artifactKey: Guid(8d08457f24594fe40995c51560021ece) Importer(815301076,1909f56bfc062723c751e8b465ee728b)
Start importing Assets/Code/Gate.cs using Guid(8d08457f24594fe40995c51560021ece) Importer(815301076,1909f56bfc062723c751e8b465ee728b)  -> (artifact id: 'c0edb57d4f8ae5a6e171a30527a8dee1') in 0.004818 seconds
  Import took 0.007015 seconds .

========================================================================
Received Prepare
Registering precompiled user dll's ...
Registered in 0.000665 seconds.
Begin MonoManager ReloadAssembly
Native extension for WindowsStandalone target not found
Refreshing native plugins compatible for Editor in 0.30 ms, found 0 plugins.
Preloading 0 native plugins for Editor in 0.00 ms.
Invoked RoslynAnalysisRunner static constructor.
RoslynAnalysisRunner will not be running.
RoslynAnalysisRunner has terminated.
Mono: successfully reloaded assembly
- Completed reload, in  0.725 seconds
Platform modules already initialized, skipping
Refreshing native plugins compatible for Editor in 0.21 ms, found 0 plugins.
Preloading 0 native plugins for Editor in 0.00 ms.
Unloading 1119 Unused Serialized files (Serialized files now loaded: 0)
System memory in use before: 61.5 MB.
System memory in use after: 61.6 MB.

Unloading 4 unused Assets to reduce memory usage. Loaded Objects now: 1618.
Total: 1.566200 ms (FindLiveObjects: 0.169900 ms CreateObjectMapping: 0.047800 ms MarkObjects: 1.331700 ms  DeleteObjects: 0.015500 ms)

========================================================================
Received Prepare
Registering precompiled user dll's ...
Registered in 0.000643 seconds.
Begin MonoManager ReloadAssembly
Native extension for WindowsStandalone target not found
Refreshing native plugins compatible for Editor in 0.21 ms, found 0 plugins.
Preloading 0 native plugins for Editor in 0.00 ms.
Invoked RoslynAnalysisRunner static constructor.
RoslynAnalysisRunner will not be running.
RoslynAnalysisRunner has terminated.
Mono: successfully reloaded assembly
- Completed reload, in  0.691 seconds
Platform modules already initialized, skipping
Refreshing native plugins compatible for Editor in 0.23 ms, found 0 plugins.
Preloading 0 native plugins for Editor in 0.00 ms.
Unloading 1119 Unused Serialized files (Serialized files now loaded: 0)
System memory in use before: 61.6 MB.
System memory in use after: 61.7 MB.

Unloading 4 unused Assets to reduce memory usage. Loaded Objects now: 1621.
Total: 1.357000 ms (FindLiveObjects: 0.114700 ms CreateObjectMapping: 0.028400 ms MarkObjects: 1.202100 ms  DeleteObjects: 0.010800 ms)

========================================================================
Received Prepare
Registering precompiled user dll's ...
Registered in 0.000769 seconds.
Begin MonoManager ReloadAssembly
Native extension for WindowsStandalone target not found
Refreshing native plugins compatible for Editor in 0.21 ms, found 0 plugins.
Preloading 0 native plugins for Editor in 0.00 ms.
Invoked RoslynAnalysisRunner static constructor.
RoslynAnalysisRunner will not be running.
RoslynAnalysisRunner has terminated.
Mono: successfully reloaded assembly
- Completed reload, in  0.690 seconds
Platform modules already initialized, skipping
Refreshing native plugins compatible for Editor in 0.19 ms, found 0 plugins.
Preloading 0 native plugins for Editor in 0.00 ms.
Unloading 1119 Unused Serialized files (Serialized files now loaded: 0)
System memory in use before: 61.6 MB.
System memory in use after: 61.7 MB.

Unloading 4 unused Assets to reduce memory usage. Loaded Objects now: 1624.
Total: 1.381000 ms (FindLiveObjects: 0.122000 ms CreateObjectMapping: 0.031700 ms MarkObjects: 1.215600 ms  DeleteObjects: 0.011000 ms)

========================================================================
Received Prepare
Registering precompiled user dll's ...
Registered in 0.000951 seconds.
Begin MonoManager ReloadAssembly
Native extension for WindowsStandalone target not found
Refreshing native plugins compatible for Editor in 0.21 ms, found 0 plugins.
Preloading 0 native plugins for Editor in 0.00 ms.
Invoked RoslynAnalysisRunner static constructor.
RoslynAnalysisRunner will not be running.
RoslynAnalysisRunner has terminated.
Mono: successfully reloaded assembly
- Completed reload, in  0.757 seconds
Platform modules already initialized, skipping
Refreshing native plugins compatible for Editor in 0.27 ms, found 0 plugins.
Preloading 0 native plugins for Editor in 0.00 ms.
Unloading 1119 Unused Serialized files (Serialized files now loaded: 0)
System memory in use before: 61.6 MB.
System memory in use after: 61.7 MB.

Unloading 4 unused Assets to reduce memory usage. Loaded Objects now: 1627.
Total: 1.373200 ms (FindLiveObjects: 0.129600 ms CreateObjectMapping: 0.034200 ms MarkObjects: 1.197000 ms  DeleteObjects: 0.011600 ms)

========================================================================
Received Import Request.
  Time since last request: 631.215273 seconds.
  path: Assets/Levels/level_organised.fbx
  artifactKey: Guid(c23230c89869bd140b6d03b7761e3232) Importer(815301076,1909f56bfc062723c751e8b465ee728b)
Start importing Assets/Levels/level_organised.fbx using Guid(c23230c89869bd140b6d03b7761e3232) Importer(815301076,1909f56bfc062723c751e8b465ee728b)  -> (artifact id: '5b0460a23a54abbcf0840b89ba1dd954') in 0.630855 seconds
  Import took 0.634653 seconds .

========================================================================
Received Import Request.
  Time since last request: 556.764378 seconds.
  path: Assets/Levels/level_organised_02.fbx
  artifactKey: Guid(85c56656899a5e74f853a2cb083fa92a) Importer(815301076,1909f56bfc062723c751e8b465ee728b)
Start importing Assets/Levels/level_organised_02.fbx using Guid(85c56656899a5e74f853a2cb083fa92a) Importer(815301076,1909f56bfc062723c751e8b465ee728b)  -> (artifact id: '68fd0f222b30479624fe322852de84f1') in 0.535473 seconds
  Import took 0.538661 seconds .

========================================================================
Received Import Request.
  Time since last request: 481.316283 seconds.
  path: Assets/Levels/level_organised_03.fbx
  artifactKey: Guid(24a4bf5344ff1c74f82aaa921aa75ba8) Importer(815301076,1909f56bfc062723c751e8b465ee728b)
Start importing Assets/Levels/level_organised_03.fbx using Guid(24a4bf5344ff1c74f82aaa921aa75ba8) Importer(815301076,1909f56bfc062723c751e8b465ee728b)  -> (artifact id: '0317bc9999f4095436880d4e5bb2695a') in 0.584137 seconds
  Import took 0.587676 seconds .

========================================================================
Received Import Request.
  Time since last request: 0.003060 seconds.
  path: Assets/Levels/level_organised_03.fbx
  artifactKey: Guid(24a4bf5344ff1c74f82aaa921aa75ba8) Importer(815301076,1909f56bfc062723c751e8b465ee728b)
Start importing Assets/Levels/level_organised_03.fbx using Guid(24a4bf5344ff1c74f82aaa921aa75ba8) Importer(815301076,1909f56bfc062723c751e8b465ee728b)  -> (artifact id: '0317bc9999f4095436880d4e5bb2695a') in 0.470078 seconds
  Import took 0.473129 seconds .

========================================================================
Received Import Request.
  Time since last request: 1001.105319 seconds.
  path: Assets/Levels/level_organised_04.fbx
  artifactKey: Guid(e8af2a77972066d409ae1840251ef1c0) Importer(815301076,1909f56bfc062723c751e8b465ee728b)
Start importing Assets/Levels/level_organised_04.fbx using Guid(e8af2a77972066d409ae1840251ef1c0) Importer(815301076,1909f56bfc062723c751e8b465ee728b)  -> (artifact id: '0025523aa7e97edbe4eba95134b12ff0') in 0.599514 seconds
  Import took 0.602795 seconds .

========================================================================
Received Prepare
Registering precompiled user dll's ...
Registered in 0.000829 seconds.
Begin MonoManager ReloadAssembly
Native extension for WindowsStandalone target not found
Refreshing native plugins compatible for Editor in 0.22 ms, found 0 plugins.
Preloading 0 native plugins for Editor in 0.00 ms.
Invoked RoslynAnalysisRunner static constructor.
RoslynAnalysisRunner will not be running.
RoslynAnalysisRunner has terminated.
Mono: successfully reloaded assembly
- Completed reload, in  0.722 seconds
Platform modules already initialized, skipping
Refreshing native plugins compatible for Editor in 0.27 ms, found 0 plugins.
Preloading 0 native plugins for Editor in 0.00 ms.
Unloading 1119 Unused Serialized files (Serialized files now loaded: 0)
System memory in use before: 62.9 MB.
System memory in use after: 63.0 MB.

Unloading 4 unused Assets to reduce memory usage. Loaded Objects now: 1631.
Total: 1.598300 ms (FindLiveObjects: 0.117000 ms CreateObjectMapping: 0.035300 ms MarkObjects: 1.432200 ms  DeleteObjects: 0.013000 ms)

========================================================================
Received Prepare
Registering precompiled user dll's ...
Registered in 0.000695 seconds.
Begin MonoManager ReloadAssembly
Native extension for WindowsStandalone target not found
Refreshing native plugins compatible for Editor in 0.22 ms, found 0 plugins.
Preloading 0 native plugins for Editor in 0.00 ms.
Invoked RoslynAnalysisRunner static constructor.
RoslynAnalysisRunner will not be running.
RoslynAnalysisRunner has terminated.
Mono: successfully reloaded assembly
- Completed reload, in  0.694 seconds
Platform modules already initialized, skipping
Refreshing native plugins compatible for Editor in 0.19 ms, found 0 plugins.
Preloading 0 native plugins for Editor in 0.00 ms.
Unloading 1119 Unused Serialized files (Serialized files now loaded: 0)
System memory in use before: 62.9 MB.
System memory in use after: 63.0 MB.

Unloading 4 unused Assets to reduce memory usage. Loaded Objects now: 1634.
Total: 1.592000 ms (FindLiveObjects: 0.154000 ms CreateObjectMapping: 0.040000 ms MarkObjects: 1.382000 ms  DeleteObjects: 0.014600 ms)

========================================================================
Received Prepare
Registering precompiled user dll's ...
Registered in 0.000782 seconds.
Begin MonoManager ReloadAssembly
Native extension for WindowsStandalone target not found
Refreshing native plugins compatible for Editor in 0.20 ms, found 0 plugins.
Preloading 0 native plugins for Editor in 0.00 ms.
Invoked RoslynAnalysisRunner static constructor.
RoslynAnalysisRunner will not be running.
RoslynAnalysisRunner has terminated.
Mono: successfully reloaded assembly
- Completed reload, in  0.693 seconds
Platform modules already initialized, skipping
Refreshing native plugins compatible for Editor in 0.19 ms, found 0 plugins.
Preloading 0 native plugins for Editor in 0.00 ms.
Unloading 1119 Unused Serialized files (Serialized files now loaded: 0)
System memory in use before: 62.9 MB.
System memory in use after: 63.0 MB.

Unloading 4 unused Assets to reduce memory usage. Loaded Objects now: 1637.
Total: 1.406800 ms (FindLiveObjects: 0.124000 ms CreateObjectMapping: 0.034700 ms MarkObjects: 1.236000 ms  DeleteObjects: 0.011300 ms)

========================================================================
Received Prepare
Registering precompiled user dll's ...
Registered in 0.000656 seconds.
Begin MonoManager ReloadAssembly
Native extension for WindowsStandalone target not found
Refreshing native plugins compatible for Editor in 0.22 ms, found 0 plugins.
Preloading 0 native plugins for Editor in 0.00 ms.
Invoked RoslynAnalysisRunner static constructor.
RoslynAnalysisRunner will not be running.
RoslynAnalysisRunner has terminated.
Mono: successfully reloaded assembly
- Completed reload, in  0.683 seconds
Platform modules already initialized, skipping
Refreshing native plugins compatible for Editor in 0.21 ms, found 0 plugins.
Preloading 0 native plugins for Editor in 0.00 ms.
Unloading 1119 Unused Serialized files (Serialized files now loaded: 0)
System memory in use before: 62.9 MB.
System memory in use after: 63.0 MB.

Unloading 4 unused Assets to reduce memory usage. Loaded Objects now: 1640.
Total: 1.669400 ms (FindLiveObjects: 0.205100 ms CreateObjectMapping: 0.041800 ms MarkObjects: 1.405800 ms  DeleteObjects: 0.015300 ms)

========================================================================
Received Prepare
Registering precompiled user dll's ...
Registered in 0.000815 seconds.
Begin MonoManager ReloadAssembly
Native extension for WindowsStandalone target not found
Refreshing native plugins compatible for Editor in 0.20 ms, found 0 plugins.
Preloading 0 native plugins for Editor in 0.00 ms.
Invoked RoslynAnalysisRunner static constructor.
RoslynAnalysisRunner will not be running.
RoslynAnalysisRunner has terminated.
Mono: successfully reloaded assembly
- Completed reload, in  0.685 seconds
Platform modules already initialized, skipping
Refreshing native plugins compatible for Editor in 0.19 ms, found 0 plugins.
Preloading 0 native plugins for Editor in 0.00 ms.
Unloading 1119 Unused Serialized files (Serialized files now loaded: 0)
System memory in use before: 62.9 MB.
System memory in use after: 63.0 MB.

Unloading 4 unused Assets to reduce memory usage. Loaded Objects now: 1643.
Total: 1.482600 ms (FindLiveObjects: 0.154600 ms CreateObjectMapping: 0.042600 ms MarkObjects: 1.270900 ms  DeleteObjects: 0.013500 ms)

========================================================================
Received Prepare
Registering precompiled user dll's ...
Registered in 0.000669 seconds.
Begin MonoManager ReloadAssembly
Native extension for WindowsStandalone target not found
Refreshing native plugins compatible for Editor in 0.53 ms, found 0 plugins.
Preloading 0 native plugins for Editor in 0.00 ms.
Invoked RoslynAnalysisRunner static constructor.
RoslynAnalysisRunner will not be running.
RoslynAnalysisRunner has terminated.
Mono: successfully reloaded assembly
- Completed reload, in  0.683 seconds
Platform modules already initialized, skipping
Refreshing native plugins compatible for Editor in 0.20 ms, found 0 plugins.
Preloading 0 native plugins for Editor in 0.00 ms.
Unloading 1119 Unused Serialized files (Serialized files now loaded: 0)
System memory in use before: 62.9 MB.
System memory in use after: 63.0 MB.

Unloading 4 unused Assets to reduce memory usage. Loaded Objects now: 1646.
Total: 3.816900 ms (FindLiveObjects: 0.288800 ms CreateObjectMapping: 0.092600 ms MarkObjects: 3.402700 ms  DeleteObjects: 0.030400 ms)

========================================================================
Received Import Request.
  Time since last request: 1282.821118 seconds.
  path: Assets/Levels/Assets
  artifactKey: Guid(1cd4fca56460c8f4195d359a0d52ad9f) Importer(815301076,1909f56bfc062723c751e8b465ee728b)
Start importing Assets/Levels/Assets using Guid(1cd4fca56460c8f4195d359a0d52ad9f) Importer(815301076,1909f56bfc062723c751e8b465ee728b)  -> (artifact id: '012ebd04d8cafd0d837972fb3aa17885') in 0.006482 seconds
  Import took 0.008584 seconds .

========================================================================
Received Import Request.
  Time since last request: 3.342801 seconds.
  path: Assets/Levels/Assets/doors.fbx
  artifactKey: Guid(3b7f902e1ac6a6b40bbd282249657d5e) Importer(815301076,1909f56bfc062723c751e8b465ee728b)
Start importing Assets/Levels/Assets/doors.fbx using Guid(3b7f902e1ac6a6b40bbd282249657d5e) Importer(815301076,1909f56bfc062723c751e8b465ee728b)  -> (artifact id: '79c54c47e730f896960655b148fc5720') in 0.323031 seconds
  Import took 0.324889 seconds .

========================================================================
Received Prepare
Registering precompiled user dll's ...
Registered in 0.000720 seconds.
Begin MonoManager ReloadAssembly
Native extension for WindowsStandalone target not found
Refreshing native plugins compatible for Editor in 0.21 ms, found 0 plugins.
Preloading 0 native plugins for Editor in 0.00 ms.
Invoked RoslynAnalysisRunner static constructor.
RoslynAnalysisRunner will not be running.
RoslynAnalysisRunner has terminated.
Mono: successfully reloaded assembly
- Completed reload, in  0.685 seconds
Platform modules already initialized, skipping
Refreshing native plugins compatible for Editor in 0.22 ms, found 0 plugins.
Preloading 0 native plugins for Editor in 0.00 ms.
Unloading 1119 Unused Serialized files (Serialized files now loaded: 0)
System memory in use before: 62.9 MB.
System memory in use after: 63.0 MB.

Unloading 4 unused Assets to reduce memory usage. Loaded Objects now: 1650.
Total: 3.424100 ms (FindLiveObjects: 0.269600 ms CreateObjectMapping: 0.091000 ms MarkObjects: 3.030100 ms  DeleteObjects: 0.031000 ms)

========================================================================
Received Prepare
Registering precompiled user dll's ...
Registered in 0.000720 seconds.
Begin MonoManager ReloadAssembly
Native extension for WindowsStandalone target not found
Refreshing native plugins compatible for Editor in 0.22 ms, found 0 plugins.
Preloading 0 native plugins for Editor in 0.00 ms.
Invoked RoslynAnalysisRunner static constructor.
RoslynAnalysisRunner will not be running.
RoslynAnalysisRunner has terminated.
Mono: successfully reloaded assembly
- Completed reload, in  0.699 seconds
Platform modules already initialized, skipping
Refreshing native plugins compatible for Editor in 0.19 ms, found 0 plugins.
Preloading 0 native plugins for Editor in 0.00 ms.
Unloading 1119 Unused Serialized files (Serialized files now loaded: 0)
System memory in use before: 62.9 MB.
System memory in use after: 63.0 MB.

Unloading 4 unused Assets to reduce memory usage. Loaded Objects now: 1653.
Total: 1.630400 ms (FindLiveObjects: 0.160900 ms CreateObjectMapping: 0.038500 ms MarkObjects: 1.413200 ms  DeleteObjects: 0.016400 ms)

========================================================================
Received Prepare
Registering precompiled user dll's ...
Registered in 0.000698 seconds.
Begin MonoManager ReloadAssembly
Native extension for WindowsStandalone target not found
Refreshing native plugins compatible for Editor in 0.21 ms, found 0 plugins.
Preloading 0 native plugins for Editor in 0.00 ms.
Invoked RoslynAnalysisRunner static constructor.
RoslynAnalysisRunner will not be running.
RoslynAnalysisRunner has terminated.
Mono: successfully reloaded assembly
- Completed reload, in  0.709 seconds
Platform modules already initialized, skipping
Refreshing native plugins compatible for Editor in 0.19 ms, found 0 plugins.
Preloading 0 native plugins for Editor in 0.00 ms.
Unloading 1119 Unused Serialized files (Serialized files now loaded: 0)
System memory in use before: 62.9 MB.
System memory in use after: 63.0 MB.

Unloading 4 unused Assets to reduce memory usage. Loaded Objects now: 1656.
Total: 1.511700 ms (FindLiveObjects: 0.134000 ms CreateObjectMapping: 0.034700 ms MarkObjects: 1.330200 ms  DeleteObjects: 0.012100 ms)

========================================================================
Received Prepare
Registering precompiled user dll's ...
Registered in 0.000694 seconds.
Begin MonoManager ReloadAssembly
Native extension for WindowsStandalone target not found
Refreshing native plugins compatible for Editor in 0.26 ms, found 0 plugins.
Preloading 0 native plugins for Editor in 0.00 ms.
Invoked RoslynAnalysisRunner static constructor.
RoslynAnalysisRunner will not be running.
RoslynAnalysisRunner has terminated.
Mono: successfully reloaded assembly
- Completed reload, in  0.694 seconds
Platform modules already initialized, skipping
Refreshing native plugins compatible for Editor in 0.21 ms, found 0 plugins.
Preloading 0 native plugins for Editor in 0.00 ms.
Unloading 1119 Unused Serialized files (Serialized files now loaded: 0)
System memory in use before: 62.9 MB.
System memory in use after: 63.0 MB.

Unloading 4 unused Assets to reduce memory usage. Loaded Objects now: 1659.
Total: 1.881800 ms (FindLiveObjects: 0.227500 ms CreateObjectMapping: 0.058700 ms MarkObjects: 1.580800 ms  DeleteObjects: 0.013900 ms)

========================================================================
Received Prepare
Registering precompiled user dll's ...
Registered in 0.000796 seconds.
Begin MonoManager ReloadAssembly
Native extension for WindowsStandalone target not found
Refreshing native plugins compatible for Editor in 0.20 ms, found 0 plugins.
Preloading 0 native plugins for Editor in 0.00 ms.
Invoked RoslynAnalysisRunner static constructor.
RoslynAnalysisRunner will not be running.
RoslynAnalysisRunner has terminated.
Mono: successfully reloaded assembly
- Completed reload, in  0.682 seconds
Platform modules already initialized, skipping
Refreshing native plugins compatible for Editor in 0.19 ms, found 0 plugins.
Preloading 0 native plugins for Editor in 0.00 ms.
Unloading 1119 Unused Serialized files (Serialized files now loaded: 0)
System memory in use before: 62.9 MB.
System memory in use after: 63.0 MB.

Unloading 4 unused Assets to reduce memory usage. Loaded Objects now: 1662.
Total: 1.497300 ms (FindLiveObjects: 0.140100 ms CreateObjectMapping: 0.038500 ms MarkObjects: 1.304400 ms  DeleteObjects: 0.013500 ms)

========================================================================
Received Import Request.
  Time since last request: 4063.571230 seconds.
  path: Assets
  artifactKey: Guid(00000000000000001000000000000000) Importer(815301076,1909f56bfc062723c751e8b465ee728b)
Start importing Assets using Guid(00000000000000001000000000000000) Importer(815301076,1909f56bfc062723c751e8b465ee728b)  -> (artifact id: 'f89434ac489deb914593f829e0a47671') in 0.006808 seconds
  Import took 0.008913 seconds .

========================================================================
Received Import Request.
  Time since last request: 0.000594 seconds.
  path: Assets
  artifactKey: Guid(00000000000000001000000000000000) Importer(815301076,1909f56bfc062723c751e8b465ee728b)
Start importing Assets using Guid(00000000000000001000000000000000) Importer(815301076,1909f56bfc062723c751e8b465ee728b)  -> (artifact id: 'f89434ac489deb914593f829e0a47671') in 0.004591 seconds
  Import took 0.006683 seconds .

========================================================================
Received Import Request.
  Time since last request: 5.265912 seconds.
  path: Assets/Anims
  artifactKey: Guid(41a2312d5f7dc2240beca6332dd4ba19) Importer(815301076,1909f56bfc062723c751e8b465ee728b)
Start importing Assets/Anims using Guid(41a2312d5f7dc2240beca6332dd4ba19) Importer(815301076,1909f56bfc062723c751e8b465ee728b)  -> (artifact id: 'aff2962db46fe0a0507b6231b364ce2c') in 0.004735 seconds
  Import took 0.007012 seconds .

========================================================================
Received Import Request.
  Time since last request: 2742.655587 seconds.
  path: Assets/Anims/door1anim.anim
  artifactKey: Guid(b9a2b0771eb8ecb45a257a195c8f5e00) Importer(815301076,1909f56bfc062723c751e8b465ee728b)
Start importing Assets/Anims/door1anim.anim using Guid(b9a2b0771eb8ecb45a257a195c8f5e00) Importer(815301076,1909f56bfc062723c751e8b465ee728b)  -> (artifact id: '95dc0f02e207a494763dfd780e252603') in 0.015141 seconds
  Import took 0.017254 seconds .

========================================================================
Received Import Request.
  Time since last request: 1.972450 seconds.
  path: Assets/Anims/door2anim.anim
  artifactKey: Guid(ad945ec497790b9488a7cef1324c9932) Importer(815301076,1909f56bfc062723c751e8b465ee728b)
Start importing Assets/Anims/door2anim.anim using Guid(ad945ec497790b9488a7cef1324c9932) Importer(815301076,1909f56bfc062723c751e8b465ee728b)  -> (artifact id: 'de574ed7c38278af8f97ea14b36ccfef') in 0.006270 seconds
  Import took 0.008215 seconds .

========================================================================
Received Import Request.
  Time since last request: 1.348706 seconds.
  path: Assets/Anims/pCube46.controller
  artifactKey: Guid(8998310171f8b8c4a807e41792b765d7) Importer(815301076,1909f56bfc062723c751e8b465ee728b)
Start importing Assets/Anims/pCube46.controller using Guid(8998310171f8b8c4a807e41792b765d7) Importer(815301076,1909f56bfc062723c751e8b465ee728b)  -> (artifact id: 'f059000cfec443bedf8fbf20d6f127fd') in 0.008775 seconds
  Import took 0.010897 seconds .

========================================================================
Received Import Request.
  Time since last request: 0.474200 seconds.
  path: Assets/Anims/pCube45.controller
  artifactKey: Guid(0a9de87ba3e6a7b42b2e107b9cc87650) Importer(815301076,1909f56bfc062723c751e8b465ee728b)
Start importing Assets/Anims/pCube45.controller using Guid(0a9de87ba3e6a7b42b2e107b9cc87650) Importer(815301076,1909f56bfc062723c751e8b465ee728b)  -> (artifact id: 'fe4ae235b8331e75ce0877f2cee4a34f') in 0.005687 seconds
  Import took 0.007501 seconds .

========================================================================
Received Import Request.
  Time since last request: 0.000601 seconds.
  path: Assets/Anims/pCube45.controller
  artifactKey: Guid(0a9de87ba3e6a7b42b2e107b9cc87650) Importer(815301076,1909f56bfc062723c751e8b465ee728b)
Start importing Assets/Anims/pCube45.controller using Guid(0a9de87ba3e6a7b42b2e107b9cc87650) Importer(815301076,1909f56bfc062723c751e8b465ee728b)  -> (artifact id: 'fe4ae235b8331e75ce0877f2cee4a34f') in 0.005514 seconds
  Import took 0.007856 seconds .

========================================================================
Received Prepare
Registering precompiled user dll's ...
Registered in 0.000784 seconds.
Begin MonoManager ReloadAssembly
Native extension for WindowsStandalone target not found
Refreshing native plugins compatible for Editor in 0.20 ms, found 0 plugins.
Preloading 0 native plugins for Editor in 0.00 ms.
Invoked RoslynAnalysisRunner static constructor.
RoslynAnalysisRunner will not be running.
RoslynAnalysisRunner has terminated.
Mono: successfully reloaded assembly
- Completed reload, in  0.734 seconds
Platform modules already initialized, skipping
Refreshing native plugins compatible for Editor in 0.20 ms, found 0 plugins.
Preloading 0 native plugins for Editor in 0.00 ms.
Unloading 1119 Unused Serialized files (Serialized files now loaded: 0)
System memory in use before: 63.0 MB.
System memory in use after: 63.1 MB.

Unloading 4 unused Assets to reduce memory usage. Loaded Objects now: 1665.
Total: 1.581100 ms (FindLiveObjects: 0.187400 ms CreateObjectMapping: 0.047200 ms MarkObjects: 1.330800 ms  DeleteObjects: 0.013900 ms)

========================================================================
Received Prepare
Registering precompiled user dll's ...
Registered in 0.000715 seconds.
Begin MonoManager ReloadAssembly
Native extension for WindowsStandalone target not found
Refreshing native plugins compatible for Editor in 0.19 ms, found 0 plugins.
Preloading 0 native plugins for Editor in 0.00 ms.
Invoked RoslynAnalysisRunner static constructor.
RoslynAnalysisRunner will not be running.
RoslynAnalysisRunner has terminated.
Mono: successfully reloaded assembly
- Completed reload, in  0.725 seconds
Platform modules already initialized, skipping
Refreshing native plugins compatible for Editor in 0.26 ms, found 0 plugins.
Preloading 0 native plugins for Editor in 0.00 ms.
Unloading 1119 Unused Serialized files (Serialized files now loaded: 0)
System memory in use before: 63.0 MB.
System memory in use after: 63.1 MB.

Unloading 4 unused Assets to reduce memory usage. Loaded Objects now: 1668.
Total: 1.418400 ms (FindLiveObjects: 0.123500 ms CreateObjectMapping: 0.034200 ms MarkObjects: 1.247200 ms  DeleteObjects: 0.012700 ms)

========================================================================
Received Prepare
Registering precompiled user dll's ...
Registered in 0.000712 seconds.
Begin MonoManager ReloadAssembly
Native extension for WindowsStandalone target not found
Refreshing native plugins compatible for Editor in 0.19 ms, found 0 plugins.
Preloading 0 native plugins for Editor in 0.00 ms.
Invoked RoslynAnalysisRunner static constructor.
RoslynAnalysisRunner will not be running.
RoslynAnalysisRunner has terminated.
Mono: successfully reloaded assembly
- Completed reload, in  0.700 seconds
Platform modules already initialized, skipping
Refreshing native plugins compatible for Editor in 0.21 ms, found 0 plugins.
Preloading 0 native plugins for Editor in 0.00 ms.
Unloading 1119 Unused Serialized files (Serialized files now loaded: 0)
System memory in use before: 63.0 MB.
System memory in use after: 63.1 MB.

Unloading 4 unused Assets to reduce memory usage. Loaded Objects now: 1671.
Total: 1.398300 ms (FindLiveObjects: 0.131100 ms CreateObjectMapping: 0.037100 ms MarkObjects: 1.217900 ms  DeleteObjects: 0.011200 ms)

========================================================================
Received Prepare
Registering precompiled user dll's ...
Registered in 0.000714 seconds.
Begin MonoManager ReloadAssembly
Native extension for WindowsStandalone target not found
Refreshing native plugins compatible for Editor in 0.19 ms, found 0 plugins.
Preloading 0 native plugins for Editor in 0.00 ms.
Invoked RoslynAnalysisRunner static constructor.
RoslynAnalysisRunner will not be running.
RoslynAnalysisRunner has terminated.
Mono: successfully reloaded assembly
- Completed reload, in  0.705 seconds
Platform modules already initialized, skipping
Refreshing native plugins compatible for Editor in 0.20 ms, found 0 plugins.
Preloading 0 native plugins for Editor in 0.00 ms.
Unloading 1119 Unused Serialized files (Serialized files now loaded: 0)
System memory in use before: 63.0 MB.
System memory in use after: 63.1 MB.

Unloading 4 unused Assets to reduce memory usage. Loaded Objects now: 1674.
Total: 1.438500 ms (FindLiveObjects: 0.124000 ms CreateObjectMapping: 0.031600 ms MarkObjects: 1.269400 ms  DeleteObjects: 0.012100 ms)

========================================================================
Received Prepare
Registering precompiled user dll's ...
Registered in 0.000778 seconds.
Begin MonoManager ReloadAssembly
Native extension for WindowsStandalone target not found
Refreshing native plugins compatible for Editor in 0.28 ms, found 0 plugins.
Preloading 0 native plugins for Editor in 0.00 ms.
Invoked RoslynAnalysisRunner static constructor.
RoslynAnalysisRunner will not be running.
RoslynAnalysisRunner has terminated.
Mono: successfully reloaded assembly
- Completed reload, in  0.711 seconds
Platform modules already initialized, skipping
Refreshing native plugins compatible for Editor in 0.19 ms, found 0 plugins.
Preloading 0 native plugins for Editor in 0.00 ms.
Unloading 1119 Unused Serialized files (Serialized files now loaded: 0)
System memory in use before: 63.0 MB.
System memory in use after: 63.1 MB.

Unloading 4 unused Assets to reduce memory usage. Loaded Objects now: 1677.
Total: 1.545200 ms (FindLiveObjects: 0.227200 ms CreateObjectMapping: 0.052800 ms MarkObjects: 1.252900 ms  DeleteObjects: 0.011400 ms)

========================================================================
Received Prepare
Registering precompiled user dll's ...
Registered in 0.000851 seconds.
Begin MonoManager ReloadAssembly
Native extension for WindowsStandalone target not found
Refreshing native plugins compatible for Editor in 0.19 ms, found 0 plugins.
Preloading 0 native plugins for Editor in 0.00 ms.
Invoked RoslynAnalysisRunner static constructor.
RoslynAnalysisRunner will not be running.
RoslynAnalysisRunner has terminated.
Mono: successfully reloaded assembly
- Completed reload, in  0.695 seconds
Platform modules already initialized, skipping
Refreshing native plugins compatible for Editor in 0.20 ms, found 0 plugins.
Preloading 0 native plugins for Editor in 0.00 ms.
Unloading 1119 Unused Serialized files (Serialized files now loaded: 0)
System memory in use before: 63.0 MB.
System memory in use after: 63.1 MB.

Unloading 4 unused Assets to reduce memory usage. Loaded Objects now: 1680.
Total: 1.675900 ms (FindLiveObjects: 0.130800 ms CreateObjectMapping: 0.036800 ms MarkObjects: 1.489400 ms  DeleteObjects: 0.018000 ms)

========================================================================
Received Prepare
Registering precompiled user dll's ...
Registered in 0.000719 seconds.
Begin MonoManager ReloadAssembly
Native extension for WindowsStandalone target not found
Refreshing native plugins compatible for Editor in 0.19 ms, found 0 plugins.
Preloading 0 native plugins for Editor in 0.00 ms.
Invoked RoslynAnalysisRunner static constructor.
RoslynAnalysisRunner will not be running.
RoslynAnalysisRunner has terminated.
Mono: successfully reloaded assembly
- Completed reload, in  0.712 seconds
Platform modules already initialized, skipping
Refreshing native plugins compatible for Editor in 0.20 ms, found 0 plugins.
Preloading 0 native plugins for Editor in 0.00 ms.
Unloading 1119 Unused Serialized files (Serialized files now loaded: 0)
System memory in use before: 63.0 MB.
System memory in use after: 63.1 MB.

Unloading 4 unused Assets to reduce memory usage. Loaded Objects now: 1683.
Total: 1.446400 ms (FindLiveObjects: 0.123000 ms CreateObjectMapping: 0.034200 ms MarkObjects: 1.276800 ms  DeleteObjects: 0.011500 ms)

========================================================================
Received Prepare
Registering precompiled user dll's ...
Registered in 0.000708 seconds.
Begin MonoManager ReloadAssembly
Native extension for WindowsStandalone target not found
Refreshing native plugins compatible for Editor in 0.19 ms, found 0 plugins.
Preloading 0 native plugins for Editor in 0.00 ms.
Invoked RoslynAnalysisRunner static constructor.
RoslynAnalysisRunner will not be running.
RoslynAnalysisRunner has terminated.
Mono: successfully reloaded assembly
- Completed reload, in  0.701 seconds
Platform modules already initialized, skipping
Refreshing native plugins compatible for Editor in 0.21 ms, found 0 plugins.
Preloading 0 native plugins for Editor in 0.00 ms.
Unloading 1119 Unused Serialized files (Serialized files now loaded: 0)
System memory in use before: 63.0 MB.
System memory in use after: 63.1 MB.

Unloading 4 unused Assets to reduce memory usage. Loaded Objects now: 1686.
Total: 1.747400 ms (FindLiveObjects: 0.136900 ms CreateObjectMapping: 0.041700 ms MarkObjects: 1.552800 ms  DeleteObjects: 0.014900 ms)

========================================================================
Received Prepare
Registering precompiled user dll's ...
Registered in 0.000664 seconds.
Begin MonoManager ReloadAssembly
Native extension for WindowsStandalone target not found
Refreshing native plugins compatible for Editor in 0.19 ms, found 0 plugins.
Preloading 0 native plugins for Editor in 0.00 ms.
Invoked RoslynAnalysisRunner static constructor.
RoslynAnalysisRunner will not be running.
RoslynAnalysisRunner has terminated.
Mono: successfully reloaded assembly
- Completed reload, in  0.691 seconds
Platform modules already initialized, skipping
Refreshing native plugins compatible for Editor in 0.28 ms, found 0 plugins.
Preloading 0 native plugins for Editor in 0.00 ms.
Unloading 1119 Unused Serialized files (Serialized files now loaded: 0)
System memory in use before: 63.0 MB.
System memory in use after: 63.1 MB.

Unloading 4 unused Assets to reduce memory usage. Loaded Objects now: 1689.
Total: 4.759700 ms (FindLiveObjects: 0.381000 ms CreateObjectMapping: 0.140000 ms MarkObjects: 4.202200 ms  DeleteObjects: 0.032600 ms)

========================================================================
Received Prepare
Registering precompiled user dll's ...
Registered in 0.000694 seconds.
Begin MonoManager ReloadAssembly
Native extension for WindowsStandalone target not found
Refreshing native plugins compatible for Editor in 0.19 ms, found 0 plugins.
Preloading 0 native plugins for Editor in 0.00 ms.
Invoked RoslynAnalysisRunner static constructor.
RoslynAnalysisRunner will not be running.
RoslynAnalysisRunner has terminated.
Mono: successfully reloaded assembly
- Completed reload, in  0.714 seconds
Platform modules already initialized, skipping
Refreshing native plugins compatible for Editor in 0.31 ms, found 0 plugins.
Preloading 0 native plugins for Editor in 0.00 ms.
Unloading 1119 Unused Serialized files (Serialized files now loaded: 0)
System memory in use before: 63.0 MB.
System memory in use after: 63.1 MB.

Unloading 4 unused Assets to reduce memory usage. Loaded Objects now: 1692.
Total: 1.736000 ms (FindLiveObjects: 0.146200 ms CreateObjectMapping: 0.066700 ms MarkObjects: 1.505300 ms  DeleteObjects: 0.016600 ms)

========================================================================
Received Prepare
Registering precompiled user dll's ...
Registered in 0.000739 seconds.
Begin MonoManager ReloadAssembly
Native extension for WindowsStandalone target not found
Refreshing native plugins compatible for Editor in 0.21 ms, found 0 plugins.
Preloading 0 native plugins for Editor in 0.00 ms.
Invoked RoslynAnalysisRunner static constructor.
RoslynAnalysisRunner will not be running.
RoslynAnalysisRunner has terminated.
Mono: successfully reloaded assembly
- Completed reload, in  0.711 seconds
Platform modules already initialized, skipping
Refreshing native plugins compatible for Editor in 0.38 ms, found 0 plugins.
Preloading 0 native plugins for Editor in 0.00 ms.
Unloading 1119 Unused Serialized files (Serialized files now loaded: 0)
System memory in use before: 63.0 MB.
System memory in use after: 63.1 MB.

Unloading 4 unused Assets to reduce memory usage. Loaded Objects now: 1695.
Total: 1.695500 ms (FindLiveObjects: 0.146900 ms CreateObjectMapping: 0.040000 ms MarkObjects: 1.494200 ms  DeleteObjects: 0.013000 ms)

========================================================================
Received Import Request.
  Time since last request: 4525.272987 seconds.
  path: ProjectSettings/TagManager.asset
  artifactKey: Guid(00000000000000003000000000000000) Importer(815301076,1909f56bfc062723c751e8b465ee728b)
Start importing ProjectSettings/TagManager.asset using Guid(00000000000000003000000000000000) Importer(815301076,1909f56bfc062723c751e8b465ee728b)  -> (artifact id: '48bee843c698d9ab3dae6dfd10a6554a') in 0.015927 seconds
  Import took 0.022234 seconds .

========================================================================
Received Prepare
Registering precompiled user dll's ...
Registered in 0.000681 seconds.
Begin MonoManager ReloadAssembly
Native extension for WindowsStandalone target not found
Refreshing native plugins compatible for Editor in 0.21 ms, found 0 plugins.
Preloading 0 native plugins for Editor in 0.00 ms.
Invoked RoslynAnalysisRunner static constructor.
RoslynAnalysisRunner will not be running.
RoslynAnalysisRunner has terminated.
Mono: successfully reloaded assembly
- Completed reload, in  0.702 seconds
Platform modules already initialized, skipping
Refreshing native plugins compatible for Editor in 0.20 ms, found 0 plugins.
Preloading 0 native plugins for Editor in 0.00 ms.
Unloading 1119 Unused Serialized files (Serialized files now loaded: 0)
System memory in use before: 63.0 MB.
System memory in use after: 63.1 MB.

Unloading 5 unused Assets to reduce memory usage. Loaded Objects now: 1698.
Total: 3.751000 ms (FindLiveObjects: 0.282600 ms CreateObjectMapping: 0.089900 ms MarkObjects: 3.350500 ms  DeleteObjects: 0.025700 ms)

========================================================================
Received Prepare
Registering precompiled user dll's ...
Registered in 0.000910 seconds.
Begin MonoManager ReloadAssembly
Native extension for WindowsStandalone target not found
Refreshing native plugins compatible for Editor in 0.19 ms, found 0 plugins.
Preloading 0 native plugins for Editor in 0.00 ms.
Invoked RoslynAnalysisRunner static constructor.
RoslynAnalysisRunner will not be running.
RoslynAnalysisRunner has terminated.
Mono: successfully reloaded assembly
- Completed reload, in  0.747 seconds
Platform modules already initialized, skipping
Refreshing native plugins compatible for Editor in 0.19 ms, found 0 plugins.
Preloading 0 native plugins for Editor in 0.00 ms.
Unloading 1119 Unused Serialized files (Serialized files now loaded: 0)
System memory in use before: 63.0 MB.
System memory in use after: 63.1 MB.

Unloading 4 unused Assets to reduce memory usage. Loaded Objects now: 1701.
Total: 1.666100 ms (FindLiveObjects: 0.180400 ms CreateObjectMapping: 0.042500 ms MarkObjects: 1.426500 ms  DeleteObjects: 0.015600 ms)

========================================================================
Received Prepare
Registering precompiled user dll's ...
Registered in 0.000676 seconds.
Begin MonoManager ReloadAssembly
Native extension for WindowsStandalone target not found
Refreshing native plugins compatible for Editor in 0.19 ms, found 0 plugins.
Preloading 0 native plugins for Editor in 0.00 ms.
Invoked RoslynAnalysisRunner static constructor.
RoslynAnalysisRunner will not be running.
RoslynAnalysisRunner has terminated.
Mono: successfully reloaded assembly
- Completed reload, in  0.696 seconds
Platform modules already initialized, skipping
Refreshing native plugins compatible for Editor in 0.19 ms, found 0 plugins.
Preloading 0 native plugins for Editor in 0.00 ms.
Unloading 1119 Unused Serialized files (Serialized files now loaded: 0)
System memory in use before: 63.0 MB.
System memory in use after: 63.1 MB.

Unloading 4 unused Assets to reduce memory usage. Loaded Objects now: 1704.
Total: 1.600800 ms (FindLiveObjects: 0.160900 ms CreateObjectMapping: 0.040400 ms MarkObjects: 1.382500 ms  DeleteObjects: 0.015700 ms)

========================================================================
Received Prepare
Registering precompiled user dll's ...
Registered in 0.000711 seconds.
Begin MonoManager ReloadAssembly
Native extension for WindowsStandalone target not found
Refreshing native plugins compatible for Editor in 0.25 ms, found 0 plugins.
Preloading 0 native plugins for Editor in 0.00 ms.
Invoked RoslynAnalysisRunner static constructor.
RoslynAnalysisRunner will not be running.
RoslynAnalysisRunner has terminated.
Mono: successfully reloaded assembly
- Completed reload, in  0.717 seconds
Platform modules already initialized, skipping
Refreshing native plugins compatible for Editor in 0.19 ms, found 0 plugins.
Preloading 0 native plugins for Editor in 0.00 ms.
Unloading 1119 Unused Serialized files (Serialized files now loaded: 0)
System memory in use before: 63.0 MB.
System memory in use after: 63.1 MB.

Unloading 4 unused Assets to reduce memory usage. Loaded Objects now: 1707.
Total: 1.362900 ms (FindLiveObjects: 0.123000 ms CreateObjectMapping: 0.030900 ms MarkObjects: 1.197100 ms  DeleteObjects: 0.010700 ms)

========================================================================
Received Prepare
Registering precompiled user dll's ...
Registered in 0.000686 seconds.
Begin MonoManager ReloadAssembly
Native extension for WindowsStandalone target not found
Refreshing native plugins compatible for Editor in 0.22 ms, found 0 plugins.
Preloading 0 native plugins for Editor in 0.00 ms.
Invoked RoslynAnalysisRunner static constructor.
RoslynAnalysisRunner will not be running.
RoslynAnalysisRunner has terminated.
Mono: successfully reloaded assembly
- Completed reload, in  0.719 seconds
Platform modules already initialized, skipping
Refreshing native plugins compatible for Editor in 0.19 ms, found 0 plugins.
Preloading 0 native plugins for Editor in 0.00 ms.
Unloading 1119 Unused Serialized files (Serialized files now loaded: 0)
System memory in use before: 63.0 MB.
System memory in use after: 63.1 MB.

Unloading 4 unused Assets to reduce memory usage. Loaded Objects now: 1710.
Total: 1.627600 ms (FindLiveObjects: 0.196800 ms CreateObjectMapping: 0.046900 ms MarkObjects: 1.367100 ms  DeleteObjects: 0.015200 ms)

========================================================================
Received Prepare
Registering precompiled user dll's ...
Registered in 0.000825 seconds.
Begin MonoManager ReloadAssembly
Native extension for WindowsStandalone target not found
Refreshing native plugins compatible for Editor in 0.20 ms, found 0 plugins.
Preloading 0 native plugins for Editor in 0.00 ms.
Invoked RoslynAnalysisRunner static constructor.
RoslynAnalysisRunner will not be running.
RoslynAnalysisRunner has terminated.
Mono: successfully reloaded assembly
- Completed reload, in  0.690 seconds
Platform modules already initialized, skipping
Refreshing native plugins compatible for Editor in 0.20 ms, found 0 plugins.
Preloading 0 native plugins for Editor in 0.00 ms.
Unloading 1119 Unused Serialized files (Serialized files now loaded: 0)
System memory in use before: 63.0 MB.
System memory in use after: 63.1 MB.

Unloading 4 unused Assets to reduce memory usage. Loaded Objects now: 1713.
Total: 1.500400 ms (FindLiveObjects: 0.125700 ms CreateObjectMapping: 0.031900 ms MarkObjects: 1.331200 ms  DeleteObjects: 0.011000 ms)

========================================================================
Received Prepare
Registering precompiled user dll's ...
Registered in 0.000687 seconds.
Begin MonoManager ReloadAssembly
Native extension for WindowsStandalone target not found
Refreshing native plugins compatible for Editor in 0.20 ms, found 0 plugins.
Preloading 0 native plugins for Editor in 0.00 ms.
Invoked RoslynAnalysisRunner static constructor.
RoslynAnalysisRunner will not be running.
RoslynAnalysisRunner has terminated.
Mono: successfully reloaded assembly
- Completed reload, in  0.705 seconds
Platform modules already initialized, skipping
Refreshing native plugins compatible for Editor in 0.32 ms, found 0 plugins.
Preloading 0 native plugins for Editor in 0.00 ms.
Unloading 1119 Unused Serialized files (Serialized files now loaded: 0)
System memory in use before: 63.1 MB.
System memory in use after: 63.2 MB.

Unloading 4 unused Assets to reduce memory usage. Loaded Objects now: 1716.
Total: 1.479400 ms (FindLiveObjects: 0.140300 ms CreateObjectMapping: 0.037900 ms MarkObjects: 1.289100 ms  DeleteObjects: 0.011000 ms)

========================================================================
Received Prepare
Registering precompiled user dll's ...
Registered in 0.000744 seconds.
Begin MonoManager ReloadAssembly
Native extension for WindowsStandalone target not found
Refreshing native plugins compatible for Editor in 0.21 ms, found 0 plugins.
Preloading 0 native plugins for Editor in 0.00 ms.
Invoked RoslynAnalysisRunner static constructor.
RoslynAnalysisRunner will not be running.
RoslynAnalysisRunner has terminated.
Mono: successfully reloaded assembly
- Completed reload, in  0.682 seconds
Platform modules already initialized, skipping
Refreshing native plugins compatible for Editor in 0.20 ms, found 0 plugins.
Preloading 0 native plugins for Editor in 0.00 ms.
Unloading 1119 Unused Serialized files (Serialized files now loaded: 0)
System memory in use before: 63.1 MB.
System memory in use after: 63.2 MB.

Unloading 4 unused Assets to reduce memory usage. Loaded Objects now: 1719.
Total: 1.711000 ms (FindLiveObjects: 0.152500 ms CreateObjectMapping: 0.049400 ms MarkObjects: 1.492000 ms  DeleteObjects: 0.015800 ms)

========================================================================
Received Prepare
Registering precompiled user dll's ...
Registered in 0.000737 seconds.
Begin MonoManager ReloadAssembly
Native extension for WindowsStandalone target not found
Refreshing native plugins compatible for Editor in 0.20 ms, found 0 plugins.
Preloading 0 native plugins for Editor in 0.00 ms.
Invoked RoslynAnalysisRunner static constructor.
RoslynAnalysisRunner will not be running.
RoslynAnalysisRunner has terminated.
Mono: successfully reloaded assembly
- Completed reload, in  0.679 seconds
Platform modules already initialized, skipping
Refreshing native plugins compatible for Editor in 0.19 ms, found 0 plugins.
Preloading 0 native plugins for Editor in 0.00 ms.
Unloading 1119 Unused Serialized files (Serialized files now loaded: 0)
System memory in use before: 63.1 MB.
System memory in use after: 63.2 MB.

Unloading 4 unused Assets to reduce memory usage. Loaded Objects now: 1722.
Total: 1.628800 ms (FindLiveObjects: 0.148700 ms CreateObjectMapping: 0.037300 ms MarkObjects: 1.426700 ms  DeleteObjects: 0.015100 ms)

========================================================================
Received Prepare
Registering precompiled user dll's ...
Registered in 0.000700 seconds.
Begin MonoManager ReloadAssembly
Native extension for WindowsStandalone target not found
Refreshing native plugins compatible for Editor in 0.22 ms, found 0 plugins.
Preloading 0 native plugins for Editor in 0.00 ms.
Invoked RoslynAnalysisRunner static constructor.
RoslynAnalysisRunner will not be running.
RoslynAnalysisRunner has terminated.
Mono: successfully reloaded assembly
- Completed reload, in  0.687 seconds
Platform modules already initialized, skipping
Refreshing native plugins compatible for Editor in 0.21 ms, found 0 plugins.
Preloading 0 native plugins for Editor in 0.00 ms.
Unloading 1119 Unused Serialized files (Serialized files now loaded: 0)
System memory in use before: 63.1 MB.
System memory in use after: 63.2 MB.

Unloading 4 unused Assets to reduce memory usage. Loaded Objects now: 1725.
Total: 1.548500 ms (FindLiveObjects: 0.131100 ms CreateObjectMapping: 0.033900 ms MarkObjects: 1.368900 ms  DeleteObjects: 0.013800 ms)

========================================================================
Received Prepare
Registering precompiled user dll's ...
Registered in 0.000909 seconds.
Begin MonoManager ReloadAssembly
Native extension for WindowsStandalone target not found
Refreshing native plugins compatible for Editor in 0.21 ms, found 0 plugins.
Preloading 0 native plugins for Editor in 0.00 ms.
Invoked RoslynAnalysisRunner static constructor.
RoslynAnalysisRunner will not be running.
RoslynAnalysisRunner has terminated.
Mono: successfully reloaded assembly
- Completed reload, in  0.683 seconds
Platform modules already initialized, skipping
Refreshing native plugins compatible for Editor in 0.37 ms, found 0 plugins.
Preloading 0 native plugins for Editor in 0.00 ms.
Unloading 1119 Unused Serialized files (Serialized files now loaded: 0)
System memory in use before: 63.1 MB.
System memory in use after: 63.2 MB.

Unloading 4 unused Assets to reduce memory usage. Loaded Objects now: 1728.
Total: 1.495500 ms (FindLiveObjects: 0.145500 ms CreateObjectMapping: 0.035700 ms MarkObjects: 1.301500 ms  DeleteObjects: 0.011900 ms)

========================================================================
Received Import Request.
  Time since last request: 7527.583586 seconds.
  path: ProjectSettings/TagManager.asset
  artifactKey: Guid(00000000000000003000000000000000) Importer(815301076,1909f56bfc062723c751e8b465ee728b)
Start importing ProjectSettings/TagManager.asset using Guid(00000000000000003000000000000000) Importer(815301076,1909f56bfc062723c751e8b465ee728b)  -> (artifact id: 'd884b4cbf9644407212e078ffe437ece') in 0.014114 seconds
  Import took 0.016414 seconds .

========================================================================
Received Prepare
Registering precompiled user dll's ...
Registered in 0.000693 seconds.
Begin MonoManager ReloadAssembly
Native extension for WindowsStandalone target not found
Refreshing native plugins compatible for Editor in 0.20 ms, found 0 plugins.
Preloading 0 native plugins for Editor in 0.00 ms.
Invoked RoslynAnalysisRunner static constructor.
RoslynAnalysisRunner will not be running.
RoslynAnalysisRunner has terminated.
Mono: successfully reloaded assembly
- Completed reload, in  0.674 seconds
Platform modules already initialized, skipping
Refreshing native plugins compatible for Editor in 0.20 ms, found 0 plugins.
Preloading 0 native plugins for Editor in 0.00 ms.
Unloading 1119 Unused Serialized files (Serialized files now loaded: 0)
System memory in use before: 63.1 MB.
System memory in use after: 63.2 MB.

Unloading 5 unused Assets to reduce memory usage. Loaded Objects now: 1731.
Total: 1.661000 ms (FindLiveObjects: 0.133400 ms CreateObjectMapping: 0.035300 ms MarkObjects: 1.472200 ms  DeleteObjects: 0.018900 ms)

========================================================================
Received Prepare
Registering precompiled user dll's ...
Registered in 0.000684 seconds.
Begin MonoManager ReloadAssembly
Native extension for WindowsStandalone target not found
Refreshing native plugins compatible for Editor in 0.19 ms, found 0 plugins.
Preloading 0 native plugins for Editor in 0.00 ms.
Invoked RoslynAnalysisRunner static constructor.
RoslynAnalysisRunner will not be running.
RoslynAnalysisRunner has terminated.
Mono: successfully reloaded assembly
- Completed reload, in  0.678 seconds
Platform modules already initialized, skipping
Refreshing native plugins compatible for Editor in 0.19 ms, found 0 plugins.
Preloading 0 native plugins for Editor in 0.00 ms.
Unloading 1119 Unused Serialized files (Serialized files now loaded: 0)
System memory in use before: 63.1 MB.
System memory in use after: 63.2 MB.

Unloading 4 unused Assets to reduce memory usage. Loaded Objects now: 1734.
Total: 1.503400 ms (FindLiveObjects: 0.151400 ms CreateObjectMapping: 0.038600 ms MarkObjects: 1.299800 ms  DeleteObjects: 0.012300 ms)

========================================================================
Received Prepare
Registering precompiled user dll's ...
Registered in 0.000751 seconds.
Begin MonoManager ReloadAssembly
Native extension for WindowsStandalone target not found
Refreshing native plugins compatible for Editor in 0.19 ms, found 0 plugins.
Preloading 0 native plugins for Editor in 0.00 ms.
Invoked RoslynAnalysisRunner static constructor.
RoslynAnalysisRunner will not be running.
RoslynAnalysisRunner has terminated.
Mono: successfully reloaded assembly
- Completed reload, in  0.687 seconds
Platform modules already initialized, skipping
Refreshing native plugins compatible for Editor in 0.19 ms, found 0 plugins.
Preloading 0 native plugins for Editor in 0.00 ms.
Unloading 1119 Unused Serialized files (Serialized files now loaded: 0)
System memory in use before: 63.1 MB.
System memory in use after: 63.2 MB.

Unloading 4 unused Assets to reduce memory usage. Loaded Objects now: 1737.
Total: 1.394400 ms (FindLiveObjects: 0.131200 ms CreateObjectMapping: 0.034600 ms MarkObjects: 1.216600 ms  DeleteObjects: 0.011300 ms)

AssetImportWorkerClient::OnTransportError - code=2 error=End of file
